<?xml version="1.0" encoding="UTF-8"?>
<!-- Generated by org.testng.reporters.JUnitReportReporter -->
<testsuite hostname="Admin" name="march30.StaticJson" tests="1" failures="0" timestamp="1 Apr 2020 08:06:11 GMT" time="8.224" errors="0">
  <testcase name="addBook" time="8.224" classname="march30.StaticJson"/>
</testsuite> <!-- march30.StaticJson -->
