<?xml version="1.0" encoding="UTF-8"?>
<!-- Generated by org.testng.reporters.JUnitReportReporter -->
<testsuite hostname="Admin" name="proxyExample.ProxySample" tests="1" failures="0" timestamp="27 Apr 2019 13:15:26 GMT" time="1.741" errors="0">
  <testcase name="settingsProxy" time="1.741" classname="proxyExample.ProxySample"/>
</testsuite> <!-- proxyExample.ProxySample -->
