<?xml version="1.0" encoding="UTF-8"?>
<!-- Generated by org.testng.reporters.JUnitReportReporter -->
<testsuite hostname="Admin" name="student.tests.SampleTst" tests="1" failures="0" timestamp="21 Apr 2019 08:40:19 GMT" time="1.439" errors="0">
  <testcase name="GetAllStudentsList" time="1.439" classname="student.tests.SampleTst"/>
</testsuite> <!-- student.tests.SampleTst -->
