<?xml version="1.0" encoding="UTF-8"?>
<!-- Generated by org.testng.reporters.JUnitReportReporter -->
<testsuite hostname="Admin" name="march30.DynamicJson" tests="3" failures="0" timestamp="31 Mar 2020 17:58:42 GMT" time="3.121" errors="0">
  <testcase name="addBook" time="0.199" classname="march30.DynamicJson"/>
  <testcase name="addBook" time="2.730" classname="march30.DynamicJson"/>
  <testcase name="addBook" time="0.192" classname="march30.DynamicJson"/>
</testsuite> <!-- march30.DynamicJson -->
