<?xml version="1.0" encoding="UTF-8"?>
<!-- Generated by org.testng.reporters.JUnitReportReporter -->
<testsuite hostname="Admin" name="jsonPath.examples.SampleTst" tests="5" failures="0" timestamp="25 Apr 2019 17:50:59 GMT" time="10.368" errors="0">
  <testcase name="test004" time="1.578" classname="jsonPath.examples.SampleTst"/>
  <testcase name="test001" time="3.382" classname="jsonPath.examples.SampleTst"/>
  <testcase name="test003" time="1.821" classname="jsonPath.examples.SampleTst"/>
  <testcase name="test002" time="1.846" classname="jsonPath.examples.SampleTst"/>
  <testcase name="test005" time="1.741" classname="jsonPath.examples.SampleTst"/>
</testsuite> <!-- jsonPath.examples.SampleTst -->
